Watching for file changes with StatReloader
Watching for file changes with StatReloader
E:\savanna\ecommerce_backend\apps\orders\serializers.py changed, reloading.
Watching for file changes with StatReloader
INFO 2025-08-20 14:21:11,756 autoreload Watching for file changes with StatReloader
WARNING 2025-08-20 14:22:52,419 log Not Found: /
WARNING 2025-08-20 14:22:52,419 basehttp "GET / HTTP/1.1" 404 3024
WARNING 2025-08-20 14:22:53,857 log Not Found: /favicon.ico
WARNING 2025-08-20 14:22:53,857 basehttp "GET /favicon.ico HTTP/1.1" 404 3075
INFO 2025-08-20 14:39:54,481 autoreload Watching for file changes with StatReloader
INFO 2025-08-20 14:40:09,246 basehttp "GET /admin HTTP/1.1" 301 0
INFO 2025-08-20 14:40:09,318 basehttp "GET /admin/ HTTP/1.1" 302 0
INFO 2025-08-20 14:40:12,976 basehttp "GET /admin/login/?next=/admin/ HTTP/1.1" 200 4190
INFO 2025-08-20 14:40:13,767 basehttp "GET /static/admin/css/nav_sidebar.css HTTP/1.1" 200 2694
INFO 2025-08-20 14:40:13,784 basehttp "GET /static/admin/css/login.css HTTP/1.1" 200 958
INFO 2025-08-20 14:40:13,842 basehttp "GET /static/admin/css/base.css HTTP/1.1" 200 21207
INFO 2025-08-20 14:40:13,865 basehttp "GET /static/admin/css/dark_mode.css HTTP/1.1" 200 2929
INFO 2025-08-20 14:40:13,873 basehttp "GET /static/admin/css/responsive.css HTTP/1.1" 200 18533
INFO 2025-08-20 14:40:15,366 basehttp "GET /static/admin/js/theme.js HTTP/1.1" 200 1943
INFO 2025-08-20 14:40:15,458 basehttp "GET /static/admin/js/nav_sidebar.js HTTP/1.1" 200 3063
INFO 2025-08-20 14:40:36,631 basehttp "POST /admin/login/?next=/admin/ HTTP/1.1" 200 4368
INFO 2025-08-20 14:40:52,497 basehttp "POST /admin/login/?next=/admin/ HTTP/1.1" 302 0
INFO 2025-08-20 14:40:52,708 basehttp "GET /admin/ HTTP/1.1" 200 7748
INFO 2025-08-20 14:40:52,800 basehttp "GET /static/admin/css/dashboard.css HTTP/1.1" 200 441
INFO 2025-08-20 14:40:52,997 basehttp "GET /static/admin/img/icon-changelink.svg HTTP/1.1" 200 380
INFO 2025-08-20 14:40:52,998 basehttp "GET /static/admin/img/icon-addlink.svg HTTP/1.1" 200 331
WARNING 2025-08-20 14:41:05,129 log Not Found: /
WARNING 2025-08-20 14:41:05,140 basehttp "GET / HTTP/1.1" 404 3024
INFO 2025-08-20 14:41:19,951 basehttp "POST /admin/logout/ HTTP/1.1" 200 3580
INFO 2025-08-20 14:41:22,851 basehttp "GET /admin/ HTTP/1.1" 302 0
INFO 2025-08-20 14:41:22,875 basehttp "GET /admin/login/?next=/admin/ HTTP/1.1" 200 4190
INFO 2025-08-20 14:41:43,789 basehttp "POST /admin/login/?next=/admin/ HTTP/1.1" 200 4367
INFO 2025-08-20 14:42:32,929 basehttp "POST /admin/login/?next=/admin/ HTTP/1.1" 200 4367
INFO 2025-08-20 14:43:38,103 basehttp "POST /admin/login/?next=/admin/ HTTP/1.1" 302 0
INFO 2025-08-20 14:43:38,143 basehttp "GET /admin/ HTTP/1.1" 200 7748
INFO 2025-08-20 14:43:46,631 basehttp "GET /admin/auth/group/add/ HTTP/1.1" 200 16940
INFO 2025-08-20 14:43:46,750 basehttp "GET /static/admin/js/jquery.init.js HTTP/1.1" 200 347
INFO 2025-08-20 14:43:46,811 basehttp "GET /admin/jsi18n/ HTTP/1.1" 200 3343
INFO 2025-08-20 14:43:46,923 basehttp "GET /static/admin/css/forms.css HTTP/1.1" 200 9047
INFO 2025-08-20 14:43:47,249 basehttp "GET /static/admin/js/SelectBox.js HTTP/1.1" 200 4530
INFO 2025-08-20 14:43:47,424 basehttp "GET /static/admin/css/widgets.css HTTP/1.1" 200 11900
INFO 2025-08-20 14:43:47,468 basehttp "GET /static/admin/js/SelectFilter2.js HTTP/1.1" 200 15292
INFO 2025-08-20 14:43:47,517 basehttp "GET /static/admin/js/prepopulate.js HTTP/1.1" 200 1531
INFO 2025-08-20 14:43:47,642 basehttp "GET /static/admin/js/urlify.js HTTP/1.1" 200 7887
INFO 2025-08-20 14:43:47,711 basehttp "GET /static/admin/js/actions.js HTTP/1.1" 200 7872
INFO 2025-08-20 14:43:47,782 basehttp "GET /static/admin/js/prepopulate_init.js HTTP/1.1" 200 586
INFO 2025-08-20 14:43:47,849 basehttp "GET /static/admin/js/admin/RelatedObjectLookups.js HTTP/1.1" 200 8943
INFO 2025-08-20 14:43:48,162 basehttp "GET /static/admin/js/core.js HTTP/1.1" 200 5682
INFO 2025-08-20 14:43:48,802 basehttp "GET /static/admin/js/vendor/xregexp/xregexp.js HTTP/1.1" 200 232381
INFO 2025-08-20 14:43:48,839 basehttp "GET /static/admin/js/change_form.js HTTP/1.1" 200 606
INFO 2025-08-20 14:43:48,960 basehttp "GET /static/admin/js/vendor/jquery/jquery.js HTTP/1.1" 200 292458
INFO 2025-08-20 14:43:49,133 basehttp "GET /static/admin/img/search.svg HTTP/1.1" 200 458
INFO 2025-08-20 14:43:49,149 basehttp "GET /static/admin/img/icon-unknown.svg HTTP/1.1" 200 655
INFO 2025-08-20 14:43:49,189 basehttp "GET /static/admin/img/selector-icons.svg HTTP/1.1" 200 3291
INFO 2025-08-20 14:43:49,205 basehttp "GET /static/admin/img/icon-unknown-alt.svg HTTP/1.1" 200 655
INFO 2025-08-20 14:44:14,760 basehttp "POST /admin/logout/ HTTP/1.1" 200 3580
INFO 2025-08-20 14:44:18,317 basehttp "GET /admin/ HTTP/1.1" 302 0
INFO 2025-08-20 14:44:18,330 basehttp "GET /admin/login/?next=/admin/ HTTP/1.1" 200 4190
INFO 2025-08-20 14:44:31,390 basehttp "GET /admin/ HTTP/1.1" 302 0
INFO 2025-08-20 14:44:31,426 basehttp "GET /admin/login/?next=/admin/ HTTP/1.1" 200 4190
INFO 2025-08-20 14:44:40,025 basehttp "GET /swagger HTTP/1.1" 301 0
INFO 2025-08-20 14:44:40,954 basehttp "GET /swagger/ HTTP/1.1" 200 2169
INFO 2025-08-20 14:44:41,234 basehttp "GET /static/drf-yasg/style.css HTTP/1.1" 200 1047
INFO 2025-08-20 14:44:41,573 basehttp "GET /static/drf-yasg/insQ.min.js HTTP/1.1" 200 2093
INFO 2025-08-20 14:44:41,871 basehttp "GET /static/drf-yasg/swagger-ui-dist/swagger-ui.css HTTP/1.1" 200 145206
INFO 2025-08-20 14:44:42,262 basehttp "GET /static/drf-yasg/immutable.min.js HTTP/1.1" 200 56904
INFO 2025-08-20 14:44:42,267 basehttp "GET /static/drf-yasg/swagger-ui-init.js HTTP/1.1" 200 14964
INFO 2025-08-20 14:44:42,604 basehttp "GET /static/drf-yasg/swagger-ui-dist/swagger-ui-bundle.js HTTP/1.1" 200 1046583
INFO 2025-08-20 14:44:42,773 basehttp "GET /static/drf-yasg/swagger-ui-dist/swagger-ui-standalone-preset.js HTTP/1.1" 200 322863
INFO 2025-08-20 14:44:43,266 basehttp "GET /static/drf-yasg/swagger-ui-dist/favicon-32x32.png HTTP/1.1" 200 628
ERROR 2025-08-20 14:44:45,765 log Internal Server Error: /swagger/
Traceback (most recent call last):
  File "C:\Users\BRIANPHIL\AppData\Local\Programs\Python\Python311\Lib\site-packages\django\core\handlers\exception.py", line 55, in inner
    response = get_response(request)
               ^^^^^^^^^^^^^^^^^^^^^
  File "C:\Users\BRIANPHIL\AppData\Local\Programs\Python\Python311\Lib\site-packages\django\core\handlers\base.py", line 220, in _get_response
    response = response.render()
               ^^^^^^^^^^^^^^^^^
  File "C:\Users\BRIANPHIL\AppData\Local\Programs\Python\Python311\Lib\site-packages\django\template\response.py", line 114, in render
    self.content = self.rendered_content
                   ^^^^^^^^^^^^^^^^^^^^^
  File "C:\Users\BRIANPHIL\AppData\Local\Programs\Python\Python311\Lib\site-packages\rest_framework\response.py", line 70, in rendered_content
    ret = renderer.render(self.data, accepted_media_type, context)
          ^^^^^^^^^^^^^^^^^^^^^^^^^^^^^^^^^^^^^^^^^^^^^^^^^^^^^^^^
  File "C:\Users\BRIANPHIL\AppData\Local\Programs\Python\Python311\Lib\site-packages\drf_yasg\renderers.py", line 36, in render
    return codec.encode(data)
           ^^^^^^^^^^^^^^^^^^
  File "C:\Users\BRIANPHIL\AppData\Local\Programs\Python\Python311\Lib\site-packages\drf_yasg\codecs.py", line 87, in encode
    return force_bytes(self._dump_dict(spec))
                       ^^^^^^^^^^^^^^^^^^^^^
  File "C:\Users\BRIANPHIL\AppData\Local\Programs\Python\Python311\Lib\site-packages\drf_yasg\codecs.py", line 127, in _dump_dict
    return json.dumps(spec, ensure_ascii=False)
           ^^^^^^^^^^^^^^^^^^^^^^^^^^^^^^^^^^^^
  File "C:\Users\BRIANPHIL\AppData\Local\Programs\Python\Python311\Lib\json\__init__.py", line 238, in dumps
    **kw).encode(obj)
          ^^^^^^^^^^^
  File "C:\Users\BRIANPHIL\AppData\Local\Programs\Python\Python311\Lib\json\encoder.py", line 200, in encode
    chunks = self.iterencode(o, _one_shot=True)
             ^^^^^^^^^^^^^^^^^^^^^^^^^^^^^^^^^^
  File "C:\Users\BRIANPHIL\AppData\Local\Programs\Python\Python311\Lib\json\encoder.py", line 258, in iterencode
    return _iterencode(o, 0)
           ^^^^^^^^^^^^^^^^^
  File "C:\Users\BRIANPHIL\AppData\Local\Programs\Python\Python311\Lib\json\encoder.py", line 180, in default
    raise TypeError(f'Object of type {o.__class__.__name__} '
TypeError: Object of type SerializerMetaclass is not JSON serializable
ERROR 2025-08-20 14:44:45,765 basehttp "GET /swagger/?format=openapi HTTP/1.1" 500 145911
ERROR 2025-08-20 14:45:01,582 log Internal Server Error: /swagger/
Traceback (most recent call last):
  File "C:\Users\BRIANPHIL\AppData\Local\Programs\Python\Python311\Lib\site-packages\django\core\handlers\exception.py", line 55, in inner
    response = get_response(request)
               ^^^^^^^^^^^^^^^^^^^^^
  File "C:\Users\BRIANPHIL\AppData\Local\Programs\Python\Python311\Lib\site-packages\django\core\handlers\base.py", line 220, in _get_response
    response = response.render()
               ^^^^^^^^^^^^^^^^^
  File "C:\Users\BRIANPHIL\AppData\Local\Programs\Python\Python311\Lib\site-packages\django\template\response.py", line 114, in render
    self.content = self.rendered_content
                   ^^^^^^^^^^^^^^^^^^^^^
  File "C:\Users\BRIANPHIL\AppData\Local\Programs\Python\Python311\Lib\site-packages\rest_framework\response.py", line 70, in rendered_content
    ret = renderer.render(self.data, accepted_media_type, context)
          ^^^^^^^^^^^^^^^^^^^^^^^^^^^^^^^^^^^^^^^^^^^^^^^^^^^^^^^^
  File "C:\Users\BRIANPHIL\AppData\Local\Programs\Python\Python311\Lib\site-packages\drf_yasg\renderers.py", line 36, in render
    return codec.encode(data)
           ^^^^^^^^^^^^^^^^^^
  File "C:\Users\BRIANPHIL\AppData\Local\Programs\Python\Python311\Lib\site-packages\drf_yasg\codecs.py", line 87, in encode
    return force_bytes(self._dump_dict(spec))
                       ^^^^^^^^^^^^^^^^^^^^^
  File "C:\Users\BRIANPHIL\AppData\Local\Programs\Python\Python311\Lib\site-packages\drf_yasg\codecs.py", line 127, in _dump_dict
    return json.dumps(spec, ensure_ascii=False)
           ^^^^^^^^^^^^^^^^^^^^^^^^^^^^^^^^^^^^
  File "C:\Users\BRIANPHIL\AppData\Local\Programs\Python\Python311\Lib\json\__init__.py", line 238, in dumps
    **kw).encode(obj)
          ^^^^^^^^^^^
  File "C:\Users\BRIANPHIL\AppData\Local\Programs\Python\Python311\Lib\json\encoder.py", line 200, in encode
    chunks = self.iterencode(o, _one_shot=True)
             ^^^^^^^^^^^^^^^^^^^^^^^^^^^^^^^^^^
  File "C:\Users\BRIANPHIL\AppData\Local\Programs\Python\Python311\Lib\json\encoder.py", line 258, in iterencode
    return _iterencode(o, 0)
           ^^^^^^^^^^^^^^^^^
  File "C:\Users\BRIANPHIL\AppData\Local\Programs\Python\Python311\Lib\json\encoder.py", line 180, in default
    raise TypeError(f'Object of type {o.__class__.__name__} '
TypeError: Object of type SerializerMetaclass is not JSON serializable
ERROR 2025-08-20 14:45:01,582 basehttp "GET /swagger/ HTTP/1.1" 500 145238
ERROR 2025-08-20 14:45:16,411 log Internal Server Error: /swagger/
Traceback (most recent call last):
  File "C:\Users\BRIANPHIL\AppData\Local\Programs\Python\Python311\Lib\site-packages\django\core\handlers\exception.py", line 55, in inner
    response = get_response(request)
               ^^^^^^^^^^^^^^^^^^^^^
  File "C:\Users\BRIANPHIL\AppData\Local\Programs\Python\Python311\Lib\site-packages\django\core\handlers\base.py", line 220, in _get_response
    response = response.render()
               ^^^^^^^^^^^^^^^^^
  File "C:\Users\BRIANPHIL\AppData\Local\Programs\Python\Python311\Lib\site-packages\django\template\response.py", line 114, in render
    self.content = self.rendered_content
                   ^^^^^^^^^^^^^^^^^^^^^
  File "C:\Users\BRIANPHIL\AppData\Local\Programs\Python\Python311\Lib\site-packages\rest_framework\response.py", line 70, in rendered_content
    ret = renderer.render(self.data, accepted_media_type, context)
          ^^^^^^^^^^^^^^^^^^^^^^^^^^^^^^^^^^^^^^^^^^^^^^^^^^^^^^^^
  File "C:\Users\BRIANPHIL\AppData\Local\Programs\Python\Python311\Lib\site-packages\drf_yasg\renderers.py", line 36, in render
    return codec.encode(data)
           ^^^^^^^^^^^^^^^^^^
  File "C:\Users\BRIANPHIL\AppData\Local\Programs\Python\Python311\Lib\site-packages\drf_yasg\codecs.py", line 87, in encode
    return force_bytes(self._dump_dict(spec))
                       ^^^^^^^^^^^^^^^^^^^^^
  File "C:\Users\BRIANPHIL\AppData\Local\Programs\Python\Python311\Lib\site-packages\drf_yasg\codecs.py", line 127, in _dump_dict
    return json.dumps(spec, ensure_ascii=False)
           ^^^^^^^^^^^^^^^^^^^^^^^^^^^^^^^^^^^^
  File "C:\Users\BRIANPHIL\AppData\Local\Programs\Python\Python311\Lib\json\__init__.py", line 238, in dumps
    **kw).encode(obj)
          ^^^^^^^^^^^
  File "C:\Users\BRIANPHIL\AppData\Local\Programs\Python\Python311\Lib\json\encoder.py", line 200, in encode
    chunks = self.iterencode(o, _one_shot=True)
             ^^^^^^^^^^^^^^^^^^^^^^^^^^^^^^^^^^
  File "C:\Users\BRIANPHIL\AppData\Local\Programs\Python\Python311\Lib\json\encoder.py", line 258, in iterencode
    return _iterencode(o, 0)
           ^^^^^^^^^^^^^^^^^
  File "C:\Users\BRIANPHIL\AppData\Local\Programs\Python\Python311\Lib\json\encoder.py", line 180, in default
    raise TypeError(f'Object of type {o.__class__.__name__} '
TypeError: Object of type SerializerMetaclass is not JSON serializable
ERROR 2025-08-20 14:45:16,411 basehttp "GET /swagger/ HTTP/1.1" 500 145456
INFO 2025-08-20 14:46:17,179 basehttp "GET /swagger/ HTTP/1.1" 200 2169
ERROR 2025-08-20 14:46:19,061 log Internal Server Error: /swagger/
Traceback (most recent call last):
  File "C:\Users\BRIANPHIL\AppData\Local\Programs\Python\Python311\Lib\site-packages\django\core\handlers\exception.py", line 55, in inner
    response = get_response(request)
               ^^^^^^^^^^^^^^^^^^^^^
  File "C:\Users\BRIANPHIL\AppData\Local\Programs\Python\Python311\Lib\site-packages\django\core\handlers\base.py", line 220, in _get_response
    response = response.render()
               ^^^^^^^^^^^^^^^^^
  File "C:\Users\BRIANPHIL\AppData\Local\Programs\Python\Python311\Lib\site-packages\django\template\response.py", line 114, in render
    self.content = self.rendered_content
                   ^^^^^^^^^^^^^^^^^^^^^
  File "C:\Users\BRIANPHIL\AppData\Local\Programs\Python\Python311\Lib\site-packages\rest_framework\response.py", line 70, in rendered_content
    ret = renderer.render(self.data, accepted_media_type, context)
          ^^^^^^^^^^^^^^^^^^^^^^^^^^^^^^^^^^^^^^^^^^^^^^^^^^^^^^^^
  File "C:\Users\BRIANPHIL\AppData\Local\Programs\Python\Python311\Lib\site-packages\drf_yasg\renderers.py", line 36, in render
    return codec.encode(data)
           ^^^^^^^^^^^^^^^^^^
  File "C:\Users\BRIANPHIL\AppData\Local\Programs\Python\Python311\Lib\site-packages\drf_yasg\codecs.py", line 87, in encode
    return force_bytes(self._dump_dict(spec))
                       ^^^^^^^^^^^^^^^^^^^^^
  File "C:\Users\BRIANPHIL\AppData\Local\Programs\Python\Python311\Lib\site-packages\drf_yasg\codecs.py", line 127, in _dump_dict
    return json.dumps(spec, ensure_ascii=False)
           ^^^^^^^^^^^^^^^^^^^^^^^^^^^^^^^^^^^^
  File "C:\Users\BRIANPHIL\AppData\Local\Programs\Python\Python311\Lib\json\__init__.py", line 238, in dumps
    **kw).encode(obj)
          ^^^^^^^^^^^
  File "C:\Users\BRIANPHIL\AppData\Local\Programs\Python\Python311\Lib\json\encoder.py", line 200, in encode
    chunks = self.iterencode(o, _one_shot=True)
             ^^^^^^^^^^^^^^^^^^^^^^^^^^^^^^^^^^
  File "C:\Users\BRIANPHIL\AppData\Local\Programs\Python\Python311\Lib\json\encoder.py", line 258, in iterencode
    return _iterencode(o, 0)
           ^^^^^^^^^^^^^^^^^
  File "C:\Users\BRIANPHIL\AppData\Local\Programs\Python\Python311\Lib\json\encoder.py", line 180, in default
    raise TypeError(f'Object of type {o.__class__.__name__} '
TypeError: Object of type SerializerMetaclass is not JSON serializable
ERROR 2025-08-20 14:46:19,076 basehttp "GET /swagger/?format=openapi HTTP/1.1" 500 145911
INFO 2025-08-20 14:48:55,696 basehttp "GET /health HTTP/1.1" 301 0
INFO 2025-08-20 14:48:55,746 basehttp "GET /health/ HTTP/1.1" 200 58
WARNING 2025-08-20 14:49:20,304 log Not Found: /api/vi
WARNING 2025-08-20 14:49:20,308 basehttp "GET /api/vi HTTP/1.1" 404 3060
INFO 2025-08-20 14:49:24,031 basehttp "GET /api/v1 HTTP/1.1" 301 0
WARNING 2025-08-20 14:49:26,004 log Unauthorized: /api/v1/
WARNING 2025-08-20 14:49:26,006 basehttp "GET /api/v1/ HTTP/1.1" 401 9973
INFO 2025-08-20 14:49:26,170 basehttp "GET /static/rest_framework/css/prettify.css HTTP/1.1" 200 817
INFO 2025-08-20 14:49:26,216 basehttp "GET /static/rest_framework/css/default.css HTTP/1.1" 200 1152
INFO 2025-08-20 14:49:26,317 basehttp "GET /static/rest_framework/css/bootstrap-tweaks.css HTTP/1.1" 200 3385
INFO 2025-08-20 14:49:26,386 basehttp "GET /static/rest_framework/css/bootstrap.min.css HTTP/1.1" 200 121457
INFO 2025-08-20 14:49:26,577 basehttp "GET /static/rest_framework/js/bootstrap.min.js HTTP/1.1" 200 39680
INFO 2025-08-20 14:49:26,586 basehttp "GET /static/rest_framework/js/default.js HTTP/1.1" 200 1268
INFO 2025-08-20 14:49:26,633 basehttp "GET /static/rest_framework/img/grid.png HTTP/1.1" 200 1458
INFO 2025-08-20 14:49:26,809 basehttp "GET /static/rest_framework/js/ajax-form.js HTTP/1.1" 200 3597
INFO 2025-08-20 14:49:27,199 basehttp "GET /static/rest_framework/js/prettify-min.js HTTP/1.1" 200 13632
INFO 2025-08-20 14:49:27,309 basehttp "GET /static/rest_framework/js/jquery-3.5.1.min.js HTTP/1.1" 200 89476
INFO 2025-08-20 14:49:27,324 basehttp "GET /static/rest_framework/js/csrf.js HTTP/1.1" 200 1719
INFO 2025-08-20 14:50:15,724 basehttp "GET /api/v1/products/categories HTTP/1.1" 301 0
WARNING 2025-08-20 14:50:15,756 log Unauthorized: /api/v1/products/categories/
WARNING 2025-08-20 14:50:15,759 basehttp "GET /api/v1/products/categories/ HTTP/1.1" 401 10209
INFO 2025-08-20 14:52:38,408 autoreload E:\savanna\ecommerce_backend\apps\products\views.py changed, reloading.
INFO 2025-08-20 14:52:43,373 autoreload Watching for file changes with StatReloader
INFO 2025-08-20 14:52:44,954 basehttp "GET /api/v1/products/categories/ HTTP/1.1" 200 25844
INFO 2025-08-20 14:52:45,599 basehttp "GET /static/rest_framework/fonts/glyphicons-halflings-regular.woff2 HTTP/1.1" 200 18028
INFO 2025-08-20 14:58:52,717 basehttp "GET /api/v1/products/categories/ HTTP/1.1" 200 4823
INFO 2025-08-20 14:58:53,029 basehttp "GET /api/v1/products/products/?ordering=-created_at HTTP/1.1" 200 2554
INFO 2025-08-20 14:59:44,718 basehttp "GET /api/v1/products/products/?ordering=-created_at HTTP/1.1" 200 2554
INFO 2025-08-20 14:59:44,811 basehttp "GET /api/v1/products/categories/ HTTP/1.1" 200 4823
INFO 2025-08-20 15:00:18,996 basehttp "GET /api/v1/products/products/?ordering=-created_at HTTP/1.1" 200 2554
INFO 2025-08-20 15:00:19,079 basehttp "GET /api/v1/products/categories/ HTTP/1.1" 200 4823
INFO 2025-08-20 15:02:12,704 autoreload E:\savanna\ecommerce_backend\ecommerce\settings.py changed, reloading.
INFO 2025-08-20 15:02:45,505 autoreload Watching for file changes with StatReloader
INFO 2025-08-20 15:02:51,551 basehttp "GET /api/v1/products/products/?ordering=-created_at HTTP/1.1" 200 2554
INFO 2025-08-20 15:02:51,667 basehttp "GET /api/v1/products/categories/ HTTP/1.1" 200 4823
INFO 2025-08-20 15:02:59,207 basehttp "GET /api/v1/products/products/?category=all-products&ordering=-created_at HTTP/1.1" 200 2554
INFO 2025-08-20 15:03:05,487 basehttp "GET /api/v1/products/products/?category=bakery&ordering=-created_at HTTP/1.1" 200 1083
INFO 2025-08-20 15:03:07,618 basehttp "GET /api/v1/products/products/?category=bread&ordering=-created_at HTTP/1.1" 200 561
INFO 2025-08-20 15:03:09,239 basehttp "GET /api/v1/products/products/?category=cookies&ordering=-created_at HTTP/1.1" 200 573
INFO 2025-08-20 15:03:10,255 basehttp "GET /api/v1/products/products/?category=fruits&ordering=-created_at HTTP/1.1" 200 783
INFO 2025-08-20 15:03:11,172 basehttp "GET /api/v1/products/products/?category=produce&ordering=-created_at HTTP/1.1" 200 1521
INFO 2025-08-20 15:03:12,255 basehttp "GET /api/v1/products/products/?category=vegetables&ordering=-created_at HTTP/1.1" 200 789
INFO 2025-08-20 15:05:27,016 basehttp "OPTIONS /api/v1/auth/customers/register/ HTTP/1.1" 200 0
WARNING 2025-08-20 15:05:27,250 log Bad Request: /api/v1/auth/customers/register/
WARNING 2025-08-20 15:05:27,250 basehttp "POST /api/v1/auth/customers/register/ HTTP/1.1" 400 83
INFO 2025-08-20 15:06:23,356 basehttp "POST /api/v1/auth/customers/register/ HTTP/1.1" 201 486
INFO 2025-08-20 15:06:23,742 basehttp "GET /api/v1/products/products/?ordering=-created_at HTTP/1.1" 200 2554
INFO 2025-08-20 15:06:23,808 basehttp "GET /api/v1/products/categories/ HTTP/1.1" 200 4823
INFO 2025-08-20 15:06:56,533 basehttp "GET /api/v1/products/products/?category=all-products&ordering=-created_at HTTP/1.1" 200 2554
INFO 2025-08-20 15:07:07,631 basehttp "GET /api/v1/products/products/?category=bakery&ordering=-created_at HTTP/1.1" 200 1083
INFO 2025-08-20 15:07:08,348 basehttp "GET /api/v1/products/products/?category=bread&ordering=-created_at HTTP/1.1" 200 561
INFO 2025-08-20 15:07:09,148 basehttp "GET /api/v1/products/products/?category=cookies&ordering=-created_at HTTP/1.1" 200 573
INFO 2025-08-20 15:07:09,848 basehttp "GET /api/v1/products/products/?category=fruits&ordering=-created_at HTTP/1.1" 200 783
INFO 2025-08-20 15:07:10,447 basehttp "GET /api/v1/products/products/?category=produce&ordering=-created_at HTTP/1.1" 200 1521
INFO 2025-08-20 15:07:11,047 basehttp "GET /api/v1/products/products/?category=vegetables&ordering=-created_at HTTP/1.1" 200 789
INFO 2025-08-20 15:14:42,428 autoreload E:\savanna\ecommerce_backend\apps\authentication\views.py changed, reloading.
INFO 2025-08-20 15:14:47,969 autoreload Watching for file changes with StatReloader
INFO 2025-08-20 15:14:49,892 basehttp "GET /api/v1/products/products/?ordering=-created_at HTTP/1.1" 200 2554
INFO 2025-08-20 15:14:50,054 basehttp "GET /api/v1/products/categories/ HTTP/1.1" 200 4823
INFO 2025-08-20 15:15:56,953 basehttp "GET /api/v1/products/products/?ordering=-created_at HTTP/1.1" 200 2554
INFO 2025-08-20 15:15:57,081 basehttp "GET /api/v1/products/categories/ HTTP/1.1" 200 4823
INFO 2025-08-20 15:16:03,435 basehttp "GET /api/v1/products/products/?ordering=-created_at HTTP/1.1" 200 2554
INFO 2025-08-20 15:16:03,752 basehttp "GET /api/v1/products/categories/ HTTP/1.1" 200 4823
INFO 2025-08-20 15:22:41,571 basehttp "GET /api/v1/products/products/?ordering=-created_at HTTP/1.1" 200 2554
INFO 2025-08-20 15:22:41,640 basehttp "GET /api/v1/products/categories/ HTTP/1.1" 200 4823
INFO 2025-08-20 15:22:42,500 basehttp "GET /api/v1/products/categories/ HTTP/1.1" 200 4823
INFO 2025-08-20 15:23:07,246 basehttp "GET /api/v1/products/products/?ordering=-created_at HTTP/1.1" 200 2554
INFO 2025-08-20 15:23:07,341 basehttp "GET /api/v1/products/categories/ HTTP/1.1" 200 4823
INFO 2025-08-20 15:23:08,039 basehttp "GET /api/v1/products/categories/ HTTP/1.1" 200 4823
INFO 2025-08-20 15:24:22,974 basehttp "GET /api/v1/products/products/?ordering=-created_at HTTP/1.1" 200 2554
INFO 2025-08-20 15:24:23,173 basehttp "GET /api/v1/products/categories/ HTTP/1.1" 200 4823
INFO 2025-08-20 15:24:24,022 basehttp "GET /api/v1/products/categories/ HTTP/1.1" 200 4823
